2017-09-12 02:56:31 <sdbmgrweb> debug : admin submitdownload, 
2017-09-12 02:56:31 <sdbmgrweb> info : admin download: 153012, 你在烦恼什么(14演), 苏打绿, 2014苏打绿空气中的视听与幻觉演唱会, 0 download
2017-09-12 02:56:38 <sdbmgrweb> debug : admin submitdownload, 
2017-09-12 02:56:38 <sdbmgrweb> warning : admin download: 153012, 你在烦恼什么(14演), 苏打绿, 2014苏打绿空气中的视听与幻觉演唱会, 1, skip download
2017-09-12 02:56:41 <sdbmgrweb> debug : admin submitdownload, 
2017-09-12 02:56:41 <sdbmgrweb> warning : admin download: 153012, 你在烦恼什么(14演), 苏打绿, 2014苏打绿空气中的视听与幻觉演唱会, 1, skip download
2017-09-12 02:56:42 <sdbmgrweb> debug : admin submitdownload, 
2017-09-12 02:56:42 <sdbmgrweb> warning : admin download: 153012, 你在烦恼什么(14演), 苏打绿, 2014苏打绿空气中的视听与幻觉演唱会, 1, skip download
2017-09-12 02:56:43 <sdbmgrweb> debug : admin submitdownload, 
2017-09-12 02:56:43 <sdbmgrweb> warning : admin download: 153012, 你在烦恼什么(14演), 苏打绿, 2014苏打绿空气中的视听与幻觉演唱会, 1, skip download
2017-09-12 02:56:43 <sdbmgrweb> debug : admin submitdownload, 
2017-09-12 02:56:43 <sdbmgrweb> warning : admin download: 153012, 你在烦恼什么(14演), 苏打绿, 2014苏打绿空气中的视听与幻觉演唱会, 1, skip download
2017-09-12 02:56:43 <sdbmgrweb> debug : admin submitdownload, 
2017-09-12 02:56:43 <sdbmgrweb> warning : admin download: 153012, 你在烦恼什么(14演), 苏打绿, 2014苏打绿空气中的视听与幻觉演唱会, 1, skip download
2017-09-12 02:56:44 <sdbmgrweb> debug : admin submitdownload, 
2017-09-12 02:56:44 <sdbmgrweb> warning : admin download: 153012, 你在烦恼什么(14演), 苏打绿, 2014苏打绿空气中的视听与幻觉演唱会, 1, skip download
2017-09-12 02:56:54 <sdbmgrweb> debug : admin submitdownload, 
2017-09-12 02:56:54 <sdbmgrweb> warning : admin download: 153012, 你在烦恼什么(14演), 苏打绿, 2014苏打绿空气中的视听与幻觉演唱会, 1, skip download
2017-09-12 02:56:55 <sdbmgrweb> debug : admin submitdownload, 
2017-09-12 02:56:55 <sdbmgrweb> warning : admin download: 153012, 你在烦恼什么(14演), 苏打绿, 2014苏打绿空气中的视听与幻觉演唱会, 1, skip download
2017-09-12 02:57:04 <sdbmgrweb> debug : admin submitdownload, 
2017-09-12 02:57:04 <sdbmgrweb> warning : admin download: 153012, 你在烦恼什么(14演), 苏打绿, 2014苏打绿空气中的视听与幻觉演唱会, 1, skip download
2017-09-12 02:57:10 <sdbmgrweb> debug : admin submitdownload, 
2017-09-12 02:57:10 <sdbmgrweb> warning : admin download: 153012, 你在烦恼什么(14演), 苏打绿, 2014苏打绿空气中的视听与幻觉演唱会, 1, skip download
2017-09-12 02:57:10 <sdbmgrweb> info : admin download: 153013, 你被写在我的歌里(14演), 苏打绿, 2014苏打绿空气中的视听与幻觉演唱会, 0 download
2017-09-12 02:57:10 <sdbmgrweb> info : admin download: 153017, 小星星(14演), 苏打绿, 2014苏打绿空气中的视听与幻觉演唱会, 0 download
2017-09-12 02:57:11 <sdbmgrweb> debug : admin submitdownload, 
2017-09-12 02:57:11 <sdbmgrweb> warning : admin download: 153012, 你在烦恼什么(14演), 苏打绿, 2014苏打绿空气中的视听与幻觉演唱会, 1, skip download
2017-09-12 02:57:11 <sdbmgrweb> warning : admin download: 153013, 你被写在我的歌里(14演), 苏打绿, 2014苏打绿空气中的视听与幻觉演唱会, 1, skip download
2017-09-12 02:57:11 <sdbmgrweb> warning : admin download: 153017, 小星星(14演), 苏打绿, 2014苏打绿空气中的视听与幻觉演唱会, 1, skip download
2017-09-12 02:57:11 <sdbmgrweb> debug : admin submitdownload, 
2017-09-12 02:57:11 <sdbmgrweb> warning : admin download: 153012, 你在烦恼什么(14演), 苏打绿, 2014苏打绿空气中的视听与幻觉演唱会, 1, skip download
2017-09-12 02:57:11 <sdbmgrweb> warning : admin download: 153013, 你被写在我的歌里(14演), 苏打绿, 2014苏打绿空气中的视听与幻觉演唱会, 1, skip download
2017-09-12 02:57:11 <sdbmgrweb> warning : admin download: 153017, 小星星(14演), 苏打绿, 2014苏打绿空气中的视听与幻觉演唱会, 1, skip download
2017-09-12 02:57:12 <sdbmgrweb> debug : admin submitdownload, 
2017-09-12 02:57:12 <sdbmgrweb> warning : admin download: 153012, 你在烦恼什么(14演), 苏打绿, 2014苏打绿空气中的视听与幻觉演唱会, 1, skip download
2017-09-12 02:57:13 <sdbmgrweb> debug : admin submitdownload, 
2017-09-12 02:57:13 <sdbmgrweb> warning : admin download: 153012, 你在烦恼什么(14演), 苏打绿, 2014苏打绿空气中的视听与幻觉演唱会, 1, skip download
2017-09-12 02:58:38 <sdbmgrweb> debug : admin submitdownload, 
2017-09-12 02:58:38 <sdbmgrweb> info : admin download: 242179, 我在梨乡等你, 周占超, , 0 download
2017-09-12 02:58:48 <sdbmgrweb> debug : admin submitdownload, 
2017-09-12 02:58:48 <sdbmgrweb> warning : admin download: 242179, 我在梨乡等你, 周占超, , 1, skip download
2017-09-12 02:59:51 <sdbmgrweb> debug : admin submitdownload, 
2017-09-12 02:59:51 <sdbmgrweb> warning : admin download: 153012, 你在烦恼什么(14演), 苏打绿, 2014苏打绿空气中的视听与幻觉演唱会, 1, skip download
2017-09-12 02:59:52 <sdbmgrweb> debug : admin submitdownload, 
2017-09-12 02:59:52 <sdbmgrweb> warning : admin download: 153012, 你在烦恼什么(14演), 苏打绿, 2014苏打绿空气中的视听与幻觉演唱会, 1, skip download
2017-09-12 03:01:40 <sdbmgrweb> debug : admin submitdownload, 
2017-09-12 03:01:40 <sdbmgrweb> info : admin download: 153014, 十年一刻(14演), 苏打绿, 2014苏打绿空气中的视听与幻觉演唱会, 0 download
2017-09-12 03:12:28 <sdbmgrweb> debug : admin submitdownload, 
2017-09-12 03:12:28 <sdbmgrweb> info : admin download: 242180, 歌声领我去草原, 张涛+张研, , 0 download
2017-09-12 10:25:26 <sdbmgrweb> debug : admin submitdownload, 
2017-09-12 10:25:26 <sdbmgrweb> info : admin download: 242182, 虚度, 收音机人, , 0 download
