2017-09-14 03:14:45 <sdbmgrweb> debug : admin submitdownload, 
2017-09-14 03:14:45 <sdbmgrweb> warning : admin download: 162603, 相依为命(13演), 陈小春, 2013岁月友情演唱会, 2, skip download
2017-09-14 03:14:45 <sdbmgrweb> warning : admin download: 158567, 扑火(13演), 林晓峰, 2013岁月友情演唱会, 2, skip download
2017-09-14 03:14:45 <sdbmgrweb> warning : admin download: 158568, 海阔天空(13演), 林晓峰, 2013岁月友情演唱会, 2, skip download
2017-09-14 03:14:45 <sdbmgrweb> warning : admin download: 158569, 你的我(13演), 谢天华, 2013岁月友情演唱会, 2, skip download
2017-09-14 03:14:45 <sdbmgrweb> warning : admin download: 158570, 听海(13演), 谢天华, 2013岁月友情演唱会, 2, skip download
2017-09-14 03:14:45 <sdbmgrweb> warning : admin download: 158571, 一起飞(13演), 郑伊健+陈小春+谢天华+林晓峰+钱嘉乐, 2013岁月友情演唱会, 2, skip download
2017-09-14 03:14:45 <sdbmgrweb> warning : admin download: 158572, 乱世巨星(13演), 郑伊健+陈小春+谢天华+林晓峰+钱嘉乐, 2013岁月友情演唱会, 2, skip download
2017-09-14 03:14:45 <sdbmgrweb> warning : admin download: 158573, 兴波作浪(13演), 郑伊健+陈小春+谢天华+林晓峰+钱嘉乐, 2013岁月友情演唱会, 2, skip download
2017-09-14 03:14:45 <sdbmgrweb> warning : admin download: 158574, 刀光剑影(13演), 郑伊健+陈小春+谢天华+林晓峰+钱嘉乐, 2013岁月友情演唱会, 2, skip download
2017-09-14 03:14:45 <sdbmgrweb> warning : admin download: 158575, 友情岁月(13演), 郑伊健+陈小春+谢天华+林晓峰+钱嘉乐, 2013岁月友情演唱会, 2, skip download
2017-09-14 03:14:45 <sdbmgrweb> warning : admin download: 158576, 友情岁月(版本二)(13演), 郑伊健+陈小春+谢天华+林晓峰+钱嘉乐, 2013岁月友情演唱会, 2, skip download
2017-09-14 03:14:45 <sdbmgrweb> warning : admin download: 158577, 感激我遇见(13演), 郑伊健+陈小春+谢天华+林晓峰+钱嘉乐, 2013岁月友情演唱会, 2, skip download
2017-09-14 03:14:45 <sdbmgrweb> warning : admin download: 158578, 我话事(13演), 郑伊健+陈小春+谢天华+林晓峰+钱嘉乐, 2013岁月友情演唱会, 2, skip download
2017-09-14 03:14:45 <sdbmgrweb> warning : admin download: 158579, 战无不胜(13演), 郑伊健+陈小春+谢天华+林晓峰+钱嘉乐, 2013岁月友情演唱会, 2, skip download
2017-09-14 03:14:45 <sdbmgrweb> warning : admin download: 158580, 消失的光阴(13演), 郑伊健+陈小春+谢天华+林晓峰+钱嘉乐, 2013岁月友情演唱会, 2, skip download
2017-09-14 03:14:45 <sdbmgrweb> warning : admin download: 158581, 热血燃烧(13演), 郑伊健+陈小春+谢天华+林晓峰+钱嘉乐, 2013岁月友情演唱会, 2, skip download
2017-09-14 03:14:45 <sdbmgrweb> warning : admin download: 158582, 全城效应(13演), 郑伊健, 2013岁月友情演唱会, 2, skip download
2017-09-14 03:14:45 <sdbmgrweb> warning : admin download: 158583, 发现(13演), 郑伊健, 2013岁月友情演唱会, 2, skip download
2017-09-14 03:14:45 <sdbmgrweb> warning : admin download: 158584, 天煞孤星(13演), 郑伊健, 2013岁月友情演唱会, 2, skip download
2017-09-14 03:14:45 <sdbmgrweb> warning : admin download: 158585, 极速(13演), 郑伊健, 2013岁月友情演唱会, 2, skip download
2017-09-14 03:14:45 <sdbmgrweb> warning : admin download: 158586, 甘心替代你(13演), 郑伊健, 2013岁月友情演唱会, 2, skip download
2017-09-14 03:14:45 <sdbmgrweb> warning : admin download: 158587, 与我常在(13演), 钱嘉乐, 2013岁月友情演唱会, 2, skip download
2017-09-14 03:14:45 <sdbmgrweb> warning : admin download: 158588, 同一秒(13演), 钱嘉乐, 2013岁月友情演唱会, 2, skip download
2017-09-14 03:14:45 <sdbmgrweb> warning : admin download: 158589, 没那种命(13演), 陈小春, 2013岁月友情演唱会, 2, skip download
2017-09-14 03:14:45 <sdbmgrweb> warning : admin download: 158590, 神啊救救我吧(13演), 陈小春, 2013岁月友情演唱会, 2, skip download
2017-09-14 03:14:55 <sdbmgrweb> debug : admin submitdownload, 
2017-09-14 03:14:55 <sdbmgrweb> warning : admin download: 162603, 相依为命(13演), 陈小春, 2013岁月友情演唱会, 2, skip download
2017-09-14 03:14:55 <sdbmgrweb> warning : admin download: 158567, 扑火(13演), 林晓峰, 2013岁月友情演唱会, 2, skip download
2017-09-14 03:14:55 <sdbmgrweb> warning : admin download: 158568, 海阔天空(13演), 林晓峰, 2013岁月友情演唱会, 2, skip download
2017-09-14 03:14:55 <sdbmgrweb> warning : admin download: 158569, 你的我(13演), 谢天华, 2013岁月友情演唱会, 2, skip download
2017-09-14 03:14:55 <sdbmgrweb> warning : admin download: 158570, 听海(13演), 谢天华, 2013岁月友情演唱会, 2, skip download
2017-09-14 03:14:55 <sdbmgrweb> warning : admin download: 158571, 一起飞(13演), 郑伊健+陈小春+谢天华+林晓峰+钱嘉乐, 2013岁月友情演唱会, 2, skip download
2017-09-14 03:14:55 <sdbmgrweb> warning : admin download: 158572, 乱世巨星(13演), 郑伊健+陈小春+谢天华+林晓峰+钱嘉乐, 2013岁月友情演唱会, 2, skip download
2017-09-14 03:14:55 <sdbmgrweb> warning : admin download: 158573, 兴波作浪(13演), 郑伊健+陈小春+谢天华+林晓峰+钱嘉乐, 2013岁月友情演唱会, 2, skip download
2017-09-14 03:14:55 <sdbmgrweb> warning : admin download: 158574, 刀光剑影(13演), 郑伊健+陈小春+谢天华+林晓峰+钱嘉乐, 2013岁月友情演唱会, 2, skip download
2017-09-14 03:14:55 <sdbmgrweb> warning : admin download: 158575, 友情岁月(13演), 郑伊健+陈小春+谢天华+林晓峰+钱嘉乐, 2013岁月友情演唱会, 2, skip download
2017-09-14 03:14:55 <sdbmgrweb> warning : admin download: 158576, 友情岁月(版本二)(13演), 郑伊健+陈小春+谢天华+林晓峰+钱嘉乐, 2013岁月友情演唱会, 2, skip download
2017-09-14 03:14:55 <sdbmgrweb> warning : admin download: 158577, 感激我遇见(13演), 郑伊健+陈小春+谢天华+林晓峰+钱嘉乐, 2013岁月友情演唱会, 2, skip download
2017-09-14 03:14:55 <sdbmgrweb> warning : admin download: 158578, 我话事(13演), 郑伊健+陈小春+谢天华+林晓峰+钱嘉乐, 2013岁月友情演唱会, 2, skip download
2017-09-14 03:14:55 <sdbmgrweb> warning : admin download: 158579, 战无不胜(13演), 郑伊健+陈小春+谢天华+林晓峰+钱嘉乐, 2013岁月友情演唱会, 2, skip download
2017-09-14 03:14:55 <sdbmgrweb> warning : admin download: 158580, 消失的光阴(13演), 郑伊健+陈小春+谢天华+林晓峰+钱嘉乐, 2013岁月友情演唱会, 2, skip download
2017-09-14 03:14:55 <sdbmgrweb> warning : admin download: 158581, 热血燃烧(13演), 郑伊健+陈小春+谢天华+林晓峰+钱嘉乐, 2013岁月友情演唱会, 2, skip download
2017-09-14 03:14:55 <sdbmgrweb> warning : admin download: 158582, 全城效应(13演), 郑伊健, 2013岁月友情演唱会, 2, skip download
2017-09-14 03:14:55 <sdbmgrweb> warning : admin download: 158583, 发现(13演), 郑伊健, 2013岁月友情演唱会, 2, skip download
2017-09-14 03:14:55 <sdbmgrweb> warning : admin download: 158584, 天煞孤星(13演), 郑伊健, 2013岁月友情演唱会, 2, skip download
2017-09-14 03:14:55 <sdbmgrweb> warning : admin download: 158585, 极速(13演), 郑伊健, 2013岁月友情演唱会, 2, skip download
2017-09-14 03:14:55 <sdbmgrweb> warning : admin download: 158586, 甘心替代你(13演), 郑伊健, 2013岁月友情演唱会, 2, skip download
2017-09-14 03:14:55 <sdbmgrweb> warning : admin download: 158587, 与我常在(13演), 钱嘉乐, 2013岁月友情演唱会, 2, skip download
2017-09-14 03:14:55 <sdbmgrweb> warning : admin download: 158588, 同一秒(13演), 钱嘉乐, 2013岁月友情演唱会, 2, skip download
2017-09-14 03:14:55 <sdbmgrweb> warning : admin download: 158589, 没那种命(13演), 陈小春, 2013岁月友情演唱会, 2, skip download
2017-09-14 03:14:55 <sdbmgrweb> warning : admin download: 158590, 神啊救救我吧(13演), 陈小春, 2013岁月友情演唱会, 2, skip download
2017-09-14 03:15:41 <sdbmgrweb> debug : admin submitdownload, 
2017-09-14 03:15:41 <sdbmgrweb> warning : admin download: 162603, 相依为命(13演), 陈小春, 2013岁月友情演唱会, 2, skip download
2017-09-14 03:15:41 <sdbmgrweb> warning : admin download: 158567, 扑火(13演), 林晓峰, 2013岁月友情演唱会, 2, skip download
2017-09-14 03:15:41 <sdbmgrweb> warning : admin download: 158568, 海阔天空(13演), 林晓峰, 2013岁月友情演唱会, 2, skip download
2017-09-14 03:15:41 <sdbmgrweb> warning : admin download: 158569, 你的我(13演), 谢天华, 2013岁月友情演唱会, 2, skip download
2017-09-14 03:15:41 <sdbmgrweb> warning : admin download: 158570, 听海(13演), 谢天华, 2013岁月友情演唱会, 2, skip download
2017-09-14 03:15:41 <sdbmgrweb> warning : admin download: 158571, 一起飞(13演), 郑伊健+陈小春+谢天华+林晓峰+钱嘉乐, 2013岁月友情演唱会, 2, skip download
2017-09-14 03:15:41 <sdbmgrweb> warning : admin download: 158572, 乱世巨星(13演), 郑伊健+陈小春+谢天华+林晓峰+钱嘉乐, 2013岁月友情演唱会, 2, skip download
2017-09-14 03:15:41 <sdbmgrweb> warning : admin download: 158573, 兴波作浪(13演), 郑伊健+陈小春+谢天华+林晓峰+钱嘉乐, 2013岁月友情演唱会, 2, skip download
2017-09-14 03:15:41 <sdbmgrweb> warning : admin download: 158574, 刀光剑影(13演), 郑伊健+陈小春+谢天华+林晓峰+钱嘉乐, 2013岁月友情演唱会, 2, skip download
2017-09-14 03:15:41 <sdbmgrweb> warning : admin download: 158575, 友情岁月(13演), 郑伊健+陈小春+谢天华+林晓峰+钱嘉乐, 2013岁月友情演唱会, 2, skip download
2017-09-14 03:15:41 <sdbmgrweb> warning : admin download: 158576, 友情岁月(版本二)(13演), 郑伊健+陈小春+谢天华+林晓峰+钱嘉乐, 2013岁月友情演唱会, 2, skip download
2017-09-14 03:15:41 <sdbmgrweb> warning : admin download: 158577, 感激我遇见(13演), 郑伊健+陈小春+谢天华+林晓峰+钱嘉乐, 2013岁月友情演唱会, 2, skip download
2017-09-14 03:15:41 <sdbmgrweb> warning : admin download: 158578, 我话事(13演), 郑伊健+陈小春+谢天华+林晓峰+钱嘉乐, 2013岁月友情演唱会, 2, skip download
2017-09-14 03:15:41 <sdbmgrweb> warning : admin download: 158579, 战无不胜(13演), 郑伊健+陈小春+谢天华+林晓峰+钱嘉乐, 2013岁月友情演唱会, 2, skip download
2017-09-14 03:15:41 <sdbmgrweb> warning : admin download: 158580, 消失的光阴(13演), 郑伊健+陈小春+谢天华+林晓峰+钱嘉乐, 2013岁月友情演唱会, 2, skip download
2017-09-14 03:15:41 <sdbmgrweb> warning : admin download: 158581, 热血燃烧(13演), 郑伊健+陈小春+谢天华+林晓峰+钱嘉乐, 2013岁月友情演唱会, 2, skip download
2017-09-14 03:15:41 <sdbmgrweb> warning : admin download: 158582, 全城效应(13演), 郑伊健, 2013岁月友情演唱会, 2, skip download
2017-09-14 03:15:41 <sdbmgrweb> warning : admin download: 158583, 发现(13演), 郑伊健, 2013岁月友情演唱会, 2, skip download
2017-09-14 03:15:41 <sdbmgrweb> warning : admin download: 158584, 天煞孤星(13演), 郑伊健, 2013岁月友情演唱会, 2, skip download
2017-09-14 03:15:41 <sdbmgrweb> warning : admin download: 158585, 极速(13演), 郑伊健, 2013岁月友情演唱会, 2, skip download
2017-09-14 03:15:41 <sdbmgrweb> warning : admin download: 158586, 甘心替代你(13演), 郑伊健, 2013岁月友情演唱会, 2, skip download
2017-09-14 03:15:41 <sdbmgrweb> warning : admin download: 158587, 与我常在(13演), 钱嘉乐, 2013岁月友情演唱会, 2, skip download
2017-09-14 03:15:41 <sdbmgrweb> warning : admin download: 158588, 同一秒(13演), 钱嘉乐, 2013岁月友情演唱会, 2, skip download
2017-09-14 03:15:41 <sdbmgrweb> warning : admin download: 158589, 没那种命(13演), 陈小春, 2013岁月友情演唱会, 2, skip download
2017-09-14 03:15:41 <sdbmgrweb> warning : admin download: 158590, 神啊救救我吧(13演), 陈小春, 2013岁月友情演唱会, 2, skip download
2017-09-14 03:32:05 <sdbmgrweb> debug : admin submitdownload, 
2017-09-14 03:32:05 <sdbmgrweb> info : admin download: 181906, 打架舞(15演), 周杰伦+宋健彰, 2015周杰伦魔天伦世界巡回演唱会, 0 download
2017-09-14 03:32:16 <sdbmgrweb> debug : admin submitdownload, 
2017-09-14 03:32:16 <sdbmgrweb> warning : admin download: 181906, 打架舞(15演), 周杰伦+宋健彰, 2015周杰伦魔天伦世界巡回演唱会, 1, skip download
2017-09-14 03:32:43 <sdbmgrweb> debug : admin submitdownload, 
2017-09-14 03:32:43 <sdbmgrweb> warning : admin download: 181906, 打架舞(15演), 周杰伦+宋健彰, 2015周杰伦魔天伦世界巡回演唱会, 1, skip download
2017-09-14 03:32:54 <sdbmgrweb> debug : admin submitdownload, 
2017-09-14 03:32:54 <sdbmgrweb> warning : admin download: 181906, 打架舞(15演), 周杰伦+宋健彰, 2015周杰伦魔天伦世界巡回演唱会, 1, skip download
2017-09-14 03:32:54 <sdbmgrweb> info : admin download: 181907, Mine Mine(15演), 周杰伦, 2015周杰伦魔天伦世界巡回演唱会, 0 download
2017-09-14 03:32:54 <sdbmgrweb> info : admin download: 181908, 一路向北(15演), 周杰伦, 2015周杰伦魔天伦世界巡回演唱会, 0 download
2017-09-14 03:32:54 <sdbmgrweb> info : admin download: 181909, 不能说的秘密(15演), 周杰伦, 2015周杰伦魔天伦世界巡回演唱会, 0 download
2017-09-14 03:32:54 <sdbmgrweb> info : admin download: 181910, 乌克丽丽(15演), 周杰伦, 2015周杰伦魔天伦世界巡回演唱会, 0 download
2017-09-14 03:32:54 <sdbmgrweb> info : admin download: 181911, 双截棍(15演), 周杰伦, 2015周杰伦魔天伦世界巡回演唱会, 0 download
2017-09-14 03:32:54 <sdbmgrweb> info : admin download: 181912, 哪里都是你(15演), 周杰伦, 2015周杰伦魔天伦世界巡回演唱会, 0 download
2017-09-14 03:32:54 <sdbmgrweb> info : admin download: 181913, 开不了口(15演), 周杰伦, 2015周杰伦魔天伦世界巡回演唱会, 0 download
2017-09-14 03:32:54 <sdbmgrweb> info : admin download: 181914, 彩虹+轨迹(15演), 周杰伦, 2015周杰伦魔天伦世界巡回演唱会, 0 download
2017-09-14 03:32:54 <sdbmgrweb> info : admin download: 181915, 惊叹号(15演), 周杰伦, 2015周杰伦魔天伦世界巡回演唱会, 0 download
2017-09-14 03:32:54 <sdbmgrweb> info : admin download: 181916, 手语(15演), 周杰伦, 2015周杰伦魔天伦世界巡回演唱会, 0 download
2017-09-14 03:32:54 <sdbmgrweb> info : admin download: 181917, 明明就(15演), 周杰伦, 2015周杰伦魔天伦世界巡回演唱会, 0 download
2017-09-14 03:32:54 <sdbmgrweb> info : admin download: 181918, 最后的战役(15演), 周杰伦, 2015周杰伦魔天伦世界巡回演唱会, 0 download
2017-09-14 03:32:54 <sdbmgrweb> info : admin download: 181919, 青花瓷(15演), 周杰伦, 2015周杰伦魔天伦世界巡回演唱会, 0 download
2017-09-14 03:32:54 <sdbmgrweb> info : admin download: 181920, 龙卷风(15演), 周杰伦, 2015周杰伦魔天伦世界巡回演唱会, 0 download
2017-09-14 03:32:54 <sdbmgrweb> info : admin download: 181921, 龙拳(15演), 周杰伦, 2015周杰伦魔天伦世界巡回演唱会, 0 download
2017-09-14 03:32:54 <sdbmgrweb> info : admin download: 181925, 比较大的大提琴(15演), 群星, 2015周杰伦魔天伦世界巡回演唱会, 0 download
2017-09-14 03:32:54 <sdbmgrweb> info : admin download: 181949, 天台(15演), 周杰伦+宋健彰, 2015周杰伦魔天伦世界巡回演唱会, 0 download
2017-09-14 03:32:54 <sdbmgrweb> info : admin download: 181950, 公公偏头痛(15演), 周杰伦, 2015周杰伦魔天伦世界巡回演唱会, 0 download
2017-09-14 03:32:54 <sdbmgrweb> info : admin download: 181951, 斗牛+水手怕水+大笨钟(15演), 周杰伦, 2015周杰伦魔天伦世界巡回演唱会, 0 download
2017-09-14 03:32:54 <sdbmgrweb> info : admin download: 181954, 阳光宅男(15演), 群星, 2015周杰伦魔天伦世界巡回演唱会, 0 download
2017-09-14 03:32:54 <sdbmgrweb> info : admin download: 181957, 快门慢舞(15演), 袁咏琳+邱凯伟, 2015周杰伦魔天伦世界巡回演唱会, 0 download
2017-09-14 03:33:04 <sdbmgrweb> debug : admin submitdownload, 
2017-09-14 03:33:04 <sdbmgrweb> warning : admin download: 181906, 打架舞(15演), 周杰伦+宋健彰, 2015周杰伦魔天伦世界巡回演唱会, 1, skip download
2017-09-14 03:33:04 <sdbmgrweb> warning : admin download: 181907, Mine Mine(15演), 周杰伦, 2015周杰伦魔天伦世界巡回演唱会, 1, skip download
2017-09-14 03:33:04 <sdbmgrweb> warning : admin download: 181908, 一路向北(15演), 周杰伦, 2015周杰伦魔天伦世界巡回演唱会, 1, skip download
2017-09-14 03:33:04 <sdbmgrweb> warning : admin download: 181909, 不能说的秘密(15演), 周杰伦, 2015周杰伦魔天伦世界巡回演唱会, 1, skip download
2017-09-14 03:33:04 <sdbmgrweb> warning : admin download: 181910, 乌克丽丽(15演), 周杰伦, 2015周杰伦魔天伦世界巡回演唱会, 1, skip download
2017-09-14 03:33:04 <sdbmgrweb> warning : admin download: 181911, 双截棍(15演), 周杰伦, 2015周杰伦魔天伦世界巡回演唱会, 1, skip download
2017-09-14 03:33:04 <sdbmgrweb> warning : admin download: 181912, 哪里都是你(15演), 周杰伦, 2015周杰伦魔天伦世界巡回演唱会, 1, skip download
2017-09-14 03:33:04 <sdbmgrweb> warning : admin download: 181913, 开不了口(15演), 周杰伦, 2015周杰伦魔天伦世界巡回演唱会, 1, skip download
2017-09-14 03:33:04 <sdbmgrweb> warning : admin download: 181914, 彩虹+轨迹(15演), 周杰伦, 2015周杰伦魔天伦世界巡回演唱会, 1, skip download
2017-09-14 03:33:04 <sdbmgrweb> warning : admin download: 181915, 惊叹号(15演), 周杰伦, 2015周杰伦魔天伦世界巡回演唱会, 1, skip download
2017-09-14 03:33:04 <sdbmgrweb> warning : admin download: 181916, 手语(15演), 周杰伦, 2015周杰伦魔天伦世界巡回演唱会, 1, skip download
2017-09-14 03:33:04 <sdbmgrweb> warning : admin download: 181917, 明明就(15演), 周杰伦, 2015周杰伦魔天伦世界巡回演唱会, 1, skip download
2017-09-14 03:33:04 <sdbmgrweb> warning : admin download: 181918, 最后的战役(15演), 周杰伦, 2015周杰伦魔天伦世界巡回演唱会, 1, skip download
2017-09-14 03:33:04 <sdbmgrweb> warning : admin download: 181919, 青花瓷(15演), 周杰伦, 2015周杰伦魔天伦世界巡回演唱会, 1, skip download
2017-09-14 03:33:04 <sdbmgrweb> warning : admin download: 181920, 龙卷风(15演), 周杰伦, 2015周杰伦魔天伦世界巡回演唱会, 1, skip download
2017-09-14 03:33:04 <sdbmgrweb> warning : admin download: 181921, 龙拳(15演), 周杰伦, 2015周杰伦魔天伦世界巡回演唱会, 1, skip download
2017-09-14 03:33:04 <sdbmgrweb> warning : admin download: 181925, 比较大的大提琴(15演), 群星, 2015周杰伦魔天伦世界巡回演唱会, 1, skip download
2017-09-14 03:33:04 <sdbmgrweb> warning : admin download: 181949, 天台(15演), 周杰伦+宋健彰, 2015周杰伦魔天伦世界巡回演唱会, 1, skip download
2017-09-14 03:33:04 <sdbmgrweb> warning : admin download: 181950, 公公偏头痛(15演), 周杰伦, 2015周杰伦魔天伦世界巡回演唱会, 1, skip download
2017-09-14 03:33:04 <sdbmgrweb> warning : admin download: 181951, 斗牛+水手怕水+大笨钟(15演), 周杰伦, 2015周杰伦魔天伦世界巡回演唱会, 1, skip download
2017-09-14 03:33:04 <sdbmgrweb> warning : admin download: 181954, 阳光宅男(15演), 群星, 2015周杰伦魔天伦世界巡回演唱会, 1, skip download
2017-09-14 03:33:04 <sdbmgrweb> warning : admin download: 181957, 快门慢舞(15演), 袁咏琳+邱凯伟, 2015周杰伦魔天伦世界巡回演唱会, 1, skip download
2017-09-14 03:33:35 <sdbmgrweb> debug : admin submitdownload, 
2017-09-14 03:33:35 <sdbmgrweb> warning : admin download: 181906, 打架舞(15演), 周杰伦+宋健彰, 2015周杰伦魔天伦世界巡回演唱会, 1, skip download
2017-09-14 08:57:43 <sdbmgrweb> debug : admin submitdownload, 
2017-09-14 08:57:43 <sdbmgrweb> info : admin download: 242177, 诗画皖南, 张康宁, , 0 download
2017-09-14 09:00:59 <sdbmgrweb> debug : admin submitdownload, 
2017-09-14 09:00:59 <sdbmgrweb> info : admin download: 242178, 情歌赛过春江水, 韩冰+云朵, , 0 download
2017-09-14 09:01:10 <sdbmgrweb> debug : admin submitdownload, 
2017-09-14 09:01:10 <sdbmgrweb> warning : admin download: 242178, 情歌赛过春江水, 韩冰+云朵, , 1, skip download
2017-09-14 09:01:10 <sdbmgrweb> debug : admin submitdownload, 
2017-09-14 09:01:10 <sdbmgrweb> info : admin download: 242187, 醉美酒城宫, 王喆, , 0 download
2017-09-14 09:02:21 <sdbmgrweb> debug : admin submitdownload, 
2017-09-14 09:02:21 <sdbmgrweb> info : admin download: 162603, 相依为命(13演), 陈小春, 2013岁月友情演唱会, 0 download
2017-09-14 09:02:21 <sdbmgrweb> warning : admin download: 158567, 扑火(13演), 林晓峰, 2013岁月友情演唱会, 3, skip download
2017-09-14 09:02:21 <sdbmgrweb> info : admin download: 158568, 海阔天空(13演), 林晓峰, 2013岁月友情演唱会, 0 download
2017-09-14 09:02:21 <sdbmgrweb> info : admin download: 158569, 你的我(13演), 谢天华, 2013岁月友情演唱会, 0 download
2017-09-14 09:02:21 <sdbmgrweb> info : admin download: 158570, 听海(13演), 谢天华, 2013岁月友情演唱会, 0 download
2017-09-14 09:02:21 <sdbmgrweb> info : admin download: 158571, 一起飞(13演), 郑伊健+陈小春+谢天华+林晓峰+钱嘉乐, 2013岁月友情演唱会, 0 download
2017-09-14 09:02:21 <sdbmgrweb> info : admin download: 158572, 乱世巨星(13演), 郑伊健+陈小春+谢天华+林晓峰+钱嘉乐, 2013岁月友情演唱会, 0 download
2017-09-14 09:02:21 <sdbmgrweb> info : admin download: 158573, 兴波作浪(13演), 郑伊健+陈小春+谢天华+林晓峰+钱嘉乐, 2013岁月友情演唱会, 0 download
2017-09-14 09:02:21 <sdbmgrweb> info : admin download: 158574, 刀光剑影(13演), 郑伊健+陈小春+谢天华+林晓峰+钱嘉乐, 2013岁月友情演唱会, 0 download
2017-09-14 09:02:21 <sdbmgrweb> info : admin download: 158575, 友情岁月(13演), 郑伊健+陈小春+谢天华+林晓峰+钱嘉乐, 2013岁月友情演唱会, 0 download
2017-09-14 09:02:21 <sdbmgrweb> info : admin download: 158576, 友情岁月(版本二)(13演), 郑伊健+陈小春+谢天华+林晓峰+钱嘉乐, 2013岁月友情演唱会, 0 download
2017-09-14 09:02:21 <sdbmgrweb> info : admin download: 158577, 感激我遇见(13演), 郑伊健+陈小春+谢天华+林晓峰+钱嘉乐, 2013岁月友情演唱会, 0 download
2017-09-14 09:02:21 <sdbmgrweb> info : admin download: 158578, 我话事(13演), 郑伊健+陈小春+谢天华+林晓峰+钱嘉乐, 2013岁月友情演唱会, 0 download
2017-09-14 09:02:21 <sdbmgrweb> info : admin download: 158579, 战无不胜(13演), 郑伊健+陈小春+谢天华+林晓峰+钱嘉乐, 2013岁月友情演唱会, 0 download
2017-09-14 09:02:21 <sdbmgrweb> info : admin download: 158580, 消失的光阴(13演), 郑伊健+陈小春+谢天华+林晓峰+钱嘉乐, 2013岁月友情演唱会, 0 download
2017-09-14 09:02:21 <sdbmgrweb> info : admin download: 158581, 热血燃烧(13演), 郑伊健+陈小春+谢天华+林晓峰+钱嘉乐, 2013岁月友情演唱会, 0 download
2017-09-14 09:02:21 <sdbmgrweb> info : admin download: 158582, 全城效应(13演), 郑伊健, 2013岁月友情演唱会, 0 download
2017-09-14 09:02:21 <sdbmgrweb> info : admin download: 158583, 发现(13演), 郑伊健, 2013岁月友情演唱会, 0 download
2017-09-14 09:02:21 <sdbmgrweb> info : admin download: 158584, 天煞孤星(13演), 郑伊健, 2013岁月友情演唱会, 0 download
2017-09-14 09:02:21 <sdbmgrweb> info : admin download: 158585, 极速(13演), 郑伊健, 2013岁月友情演唱会, 0 download
2017-09-14 09:02:21 <sdbmgrweb> info : admin download: 158586, 甘心替代你(13演), 郑伊健, 2013岁月友情演唱会, 0 download
2017-09-14 09:02:21 <sdbmgrweb> info : admin download: 158587, 与我常在(13演), 钱嘉乐, 2013岁月友情演唱会, 0 download
2017-09-14 09:02:21 <sdbmgrweb> info : admin download: 158588, 同一秒(13演), 钱嘉乐, 2013岁月友情演唱会, 0 download
2017-09-14 09:02:21 <sdbmgrweb> info : admin download: 158589, 没那种命(13演), 陈小春, 2013岁月友情演唱会, 0 download
2017-09-14 09:02:21 <sdbmgrweb> info : admin download: 158590, 神啊救救我吧(13演), 陈小春, 2013岁月友情演唱会, 0 download
2017-09-14 09:03:42 <sdbmgrweb> debug : admin submitdownload, 
2017-09-14 09:03:42 <sdbmgrweb> info : admin download: 158302, The Way We Were(14演), 吕珊, 2014吕珊情两牵演唱会, 0 download
2017-09-14 09:03:42 <sdbmgrweb> info : admin download: 158303, 一首独唱的歌+余情未了+夜来香(14演), 吕珊, 2014吕珊情两牵演唱会, 0 download
2017-09-14 09:03:42 <sdbmgrweb> info : admin download: 158304, 几段情歌(14演), 吕珊, 2014吕珊情两牵演唱会, 0 download
2017-09-14 09:03:42 <sdbmgrweb> info : admin download: 158305, 只记今朝笑(14演), 吕珊, 2014吕珊情两牵演唱会, 0 download
2017-09-14 09:03:42 <sdbmgrweb> info : admin download: 158306, 坏女孩+烈焰红唇+妖女+似火探戈(14演), 吕珊, 2014吕珊情两牵演唱会, 0 download
2017-09-14 09:03:42 <sdbmgrweb> info : admin download: 158307, 恨绵绵(14演), 吕珊, 2014吕珊情两牵演唱会, 0 download
2017-09-14 09:03:42 <sdbmgrweb> info : admin download: 158308, 护花使者+爱情陷阱(14演), 吕珊, 2014吕珊情两牵演唱会, 0 download
2017-09-14 09:03:42 <sdbmgrweb> info : admin download: 158309, 无心睡眠+少女心事+第一次+不羁的风(14演), 吕珊, 2014吕珊情两牵演唱会, 0 download
2017-09-14 09:03:42 <sdbmgrweb> info : admin download: 158310, 星光背后(14演), 吕珊, 2014吕珊情两牵演唱会, 0 download
2017-09-14 09:03:42 <sdbmgrweb> info : admin download: 158311, 最后一夜(14演), 吕珊, 2014吕珊情两牵演唱会, 0 download
2017-09-14 09:03:42 <sdbmgrweb> info : admin download: 158312, 沉默的眼睛(14演), 吕珊, 2014吕珊情两牵演唱会, 0 download
2017-09-14 09:03:43 <sdbmgrweb> info : admin download: 158313, 痴情意外(14演), 吕珊, 2014吕珊情两牵演唱会, 0 download
2017-09-14 09:03:43 <sdbmgrweb> info : admin download: 158314, 相思河畔(14演), 吕珊, 2014吕珊情两牵演唱会, 0 download
2017-09-14 09:03:43 <sdbmgrweb> info : admin download: 158315, 真情流露(14演), 吕珊, 2014吕珊情两牵演唱会, 0 download
2017-09-14 09:03:43 <sdbmgrweb> info : admin download: 158316, 顺流逆流+无奈+风的季节+喜气洋洋(14演), 吕珊, 2014吕珊情两牵演唱会, 0 download
2017-09-14 09:09:20 <sdbmgrweb> debug : admin submitdownload, 
2017-09-14 09:09:20 <sdbmgrweb> warning : admin download: 242177, 诗画皖南, 张康宁, , 1, skip download
2017-09-14 09:11:15 <sdbmgrweb> debug : admin submitdownload, 
2017-09-14 09:11:15 <sdbmgrweb> warning : admin download: 242187, 醉美酒城宫, 王喆, , 1, skip download
2017-09-14 09:15:17 <sdbmgrweb> debug : admin submitdownload, 
2017-09-14 09:15:17 <sdbmgrweb> warning : admin download: 158302, The Way We Were(14演), 吕珊, 2014吕珊情两牵演唱会, 1, skip download
2017-09-14 09:15:17 <sdbmgrweb> warning : admin download: 158303, 一首独唱的歌+余情未了+夜来香(14演), 吕珊, 2014吕珊情两牵演唱会, 1, skip download
2017-09-14 09:15:17 <sdbmgrweb> warning : admin download: 158304, 几段情歌(14演), 吕珊, 2014吕珊情两牵演唱会, 1, skip download
2017-09-14 09:15:17 <sdbmgrweb> warning : admin download: 158305, 只记今朝笑(14演), 吕珊, 2014吕珊情两牵演唱会, 1, skip download
2017-09-14 09:15:17 <sdbmgrweb> warning : admin download: 158306, 坏女孩+烈焰红唇+妖女+似火探戈(14演), 吕珊, 2014吕珊情两牵演唱会, 1, skip download
2017-09-14 09:15:17 <sdbmgrweb> warning : admin download: 158307, 恨绵绵(14演), 吕珊, 2014吕珊情两牵演唱会, 1, skip download
2017-09-14 09:15:17 <sdbmgrweb> warning : admin download: 158308, 护花使者+爱情陷阱(14演), 吕珊, 2014吕珊情两牵演唱会, 1, skip download
2017-09-14 09:15:17 <sdbmgrweb> warning : admin download: 158309, 无心睡眠+少女心事+第一次+不羁的风(14演), 吕珊, 2014吕珊情两牵演唱会, 1, skip download
2017-09-14 09:15:17 <sdbmgrweb> warning : admin download: 158310, 星光背后(14演), 吕珊, 2014吕珊情两牵演唱会, 1, skip download
2017-09-14 09:15:17 <sdbmgrweb> warning : admin download: 158311, 最后一夜(14演), 吕珊, 2014吕珊情两牵演唱会, 1, skip download
2017-09-14 09:15:17 <sdbmgrweb> warning : admin download: 158312, 沉默的眼睛(14演), 吕珊, 2014吕珊情两牵演唱会, 1, skip download
2017-09-14 09:15:17 <sdbmgrweb> warning : admin download: 158313, 痴情意外(14演), 吕珊, 2014吕珊情两牵演唱会, 1, skip download
2017-09-14 09:15:17 <sdbmgrweb> warning : admin download: 158314, 相思河畔(14演), 吕珊, 2014吕珊情两牵演唱会, 1, skip download
2017-09-14 09:15:17 <sdbmgrweb> warning : admin download: 158315, 真情流露(14演), 吕珊, 2014吕珊情两牵演唱会, 1, skip download
2017-09-14 09:15:17 <sdbmgrweb> warning : admin download: 158316, 顺流逆流+无奈+风的季节+喜气洋洋(14演), 吕珊, 2014吕珊情两牵演唱会, 1, skip download
