2017-09-09 03:56:38 <sync> info : [config] nas:A1, mid:1, build new group, executor:1
2017-09-09 03:56:39 <sync> info : [config] nas:A2, mid:3, build new group, executor:3
2017-09-09 03:56:49 <sync> info : [config] nas:A1, mid:2, minik json in, executor:1
2017-09-09 03:56:50 <sync> info : [config] nas:A2, mid:4, minik json in, executor:3
2017-09-09 03:56:50 <sync> info : [config] nas:A2, mid:5, minik json in, executor:3
2017-09-09 03:57:20 <sync> debug : [config] nas:A1, mid:1, sync config not change
2017-09-09 03:57:20 <sync> debug : [config] nas:A1, mid:2, sync config not change
2017-09-09 03:57:23 <sync> debug : [config] nas:A2, mid:3, sync config not change
2017-09-09 03:57:24 <sync> debug : [config] nas:A2, mid:4, sync config not change
2017-09-09 03:57:24 <sync> debug : [config] nas:A2, mid:5, sync config not change
2017-09-09 03:58:26 <sync> info : [config] nas:A2, mid:5, minik left
2017-09-09 03:58:26 <sync> info : [config] nas:A1, mid:5, minik json in, executor:1
2017-09-09 04:08:11 <sync> info : [config] nas:A2, mids:[], vote new executor:4, ex-executor:4 want to left
2017-09-09 04:08:11 <sync> info : [config] nas:A2, mid:4, minik left
2017-09-09 04:08:11 <sync> info : [config] nas:A1, mid:4, minik json in, executor:1
2017-09-09 04:09:14 <sync> info : [config] nas:A1, mid:1, build new group, executor:1
2017-09-09 04:09:16 <sync> info : [config] nas:A2, mid:3, build new group, executor:3
2017-09-09 04:09:47 <sync> info : [config] nas:A1, mid:2, minik json in, executor:1
2017-09-09 04:09:47 <sync> info : [config] nas:A2, mid:4, minik json in, executor:3
2017-09-09 04:09:48 <sync> info : [config] nas:A2, mid:5, minik json in, executor:3
2017-09-09 04:10:27 <sync> debug : [config] nas:A1, mid:1, sync config not change
2017-09-09 04:10:27 <sync> debug : [config] nas:A1, mid:2, sync config not change
2017-09-09 04:10:27 <sync> debug : [config] nas:A2, mid:3, sync config not change
2017-09-09 04:10:27 <sync> debug : [config] nas:A2, mid:4, sync config not change
2017-09-09 04:10:31 <sync> debug : [config] nas:A2, mid:5, sync config not change
2017-09-09 04:11:09 <sync> info : [config] nas:A2, mid:5, minik left
2017-09-09 04:11:09 <sync> info : [config] nas:A1, mid:5, minik json in, executor:1
2017-09-09 04:11:45 <sync> info : [config] nas:A2, mids:[4,4], vote new executor:4, ex-executor:4 want to left
2017-09-09 04:11:45 <sync> info : [config] nas:A2, mid:4, minik left
2017-09-09 04:11:45 <sync> info : [config] nas:A1, mid:4, minik json in, executor:1
2017-09-09 04:19:33 <sync> info : [config] nas:A1, mid:1, build new group, executor:1
2017-09-09 04:19:34 <sync> info : [config] nas:A2, mid:3, build new group, executor:3
2017-09-09 04:19:46 <sync> info : [config] nas:A1, mid:2, minik json in, executor:1
2017-09-09 04:19:46 <sync> info : [config] nas:A2, mid:4, minik json in, executor:3
2017-09-09 04:19:47 <sync> info : [config] nas:A2, mid:5, minik json in, executor:3
2017-09-09 04:20:05 <sync> info : [config] nas:A2, mid:5, minik left
2017-09-09 04:20:05 <sync> info : [config] nas:A1, mid:5, minik json in, executor:1
2017-09-09 04:20:44 <sync> info : [config] nas:A2, mids:[4,3], vote new executor:4, ex-executor:3 want to left
2017-09-09 04:20:44 <sync> info : [config] nas:A2, mid:3, minik left
2017-09-09 04:20:44 <sync> info : [config] nas:A1, mid:3, minik json in, executor:1
2017-09-09 04:21:54 <sync> info : [config] nas:A2, mid:4, minik left
2017-09-09 04:21:54 <sync> info : [config] nas:A1, mid:4, minik json in, executor:1
