2017-09-18 02:49:43 <sync> info : [config] nas:1750NDN125100, mid:9999998, minik left
2017-09-18 02:49:43 <sync> info : [config] nas:00-11-32-6F-28-C9, mid:9999998, build new group, executor:9999998
2017-09-18 02:56:11 <sync> debug : [config] nas:00-11-32-6F-28-C9, mid:9999998, sync config not change
2017-09-18 02:57:54 <sync> debug : [config] nas:00-11-32-6F-28-C9, mid:9999998, sync config not change
2017-09-18 03:00:34 <sync> debug : [config] nas:00-11-32-6F-28-C9, mid:9999998, sync config not change
2017-09-18 03:05:10 <sync> debug : [config] nas:00-11-32-6F-28-C9, mid:9999998, sync config not change
2017-09-18 03:32:08 <sync> debug : [config] nas:00-11-32-6F-28-C9, mid:9999998, sync config not change
2017-09-18 03:34:45 <sync> debug : [config] nas:00-11-32-6F-28-C9, mid:9999998, sync config not change
2017-09-18 03:36:06 <sync> debug : [config] nas:00-11-32-6F-28-C9, mid:9999998, sync config not change
2017-09-18 03:36:57 <sync> debug : [config] nas:00-11-32-6F-28-C9, mid:9999998, sync config not change
2017-09-18 03:37:45 <sync> debug : [config] nas:00-11-32-6F-28-C9, mid:9999998, sync config not change
2017-09-18 03:38:30 <sync> debug : [config] nas:00-11-32-6F-28-C9, mid:9999998, sync config not change
2017-09-18 03:40:30 <sync> debug : [config] nas:00-11-32-6F-28-C9, mid:9999998, sync config not change
2017-09-18 06:38:23 <sync> info : [config] nas:00-11-32-6B-B2-20, mid:85086, build new group, executor:85086
2017-09-18 06:46:01 <sync> debug : [config] nas:00-11-32-6B-B2-20, mid:85086, sync config not change
2017-09-18 09:36:50 <sync> info : [config] nas:00-11-32-6F-28-C9, mid:99164, minik json in, executor:9999998
2017-09-18 11:34:13 <sync> debug : [config] nas:00-11-32-6F-28-C9, mid:9999998, sync config not change
2017-09-18 11:34:57 <sync> debug : [config] nas:00-11-32-6F-28-C9, mid:9999998, sync config not change
2017-09-18 11:34:57 <sync> error : get song detail failed: songid(web_lx_158567) was not exist
2017-09-18 12:16:30 <sync> debug : [config] nas:00-11-32-6F-28-C9, mid:9999998, sync config not change
2017-09-18 12:16:31 <sync> error : get song detail failed: songid(web_lx_158567) was not exist
2017-09-18 12:31:02 <sync> debug : [config] nas:00-11-32-6F-28-C9, mid:9999998, sync config not change
2017-09-18 12:31:02 <sync> error : get song detail failed: songid(web_lx_158567) was not exist
2017-09-18 14:25:41 <sync> debug : [config] nas:00-11-32-6F-28-C9, mid:9999998, sync config not change
2017-09-18 14:25:41 <sync> error : get song detail failed: songid(web_lx_158567) was not exist
2017-09-18 22:02:05 <sync> info : [config] nas:00-11-32-6F-28-C9, mid:81273, minik json in, executor:9999998
